<?xml version='1.0' encoding='UTF-8'?>
<testsuite hostname="34900.gnm.int" name="util.GradientDescentTest" tests="2" errors="0" failures="2" skipped="0" time="0.249" timestamp="2019-03-21T17:18:22">
                     <properties>
[...]
</properties>
                     <testcase classname="util.GradientDescentTest" name="updatedTheta0 should::be updated from the value passed in" time="0.096">
                                                 <failure message="an implementation is missing" type="java.lang.Exception">java.lang.Exception: an implementation is missing
	at util.GradientDescent$.theta0Updated(GradientDescent.scala:12)
	at util.GradientDescentTest.$anonfun$new$2(GradientDescentTest.scala:18)
</failure>
                                               </testcase><testcase classname="util.GradientDescentTest" name="updatedTheta1 should::be updated from the value passed in" time="0.153">
                                                 <failure message="an implementation is missing" type="java.lang.Exception">java.lang.Exception: an implementation is missing
	at util.GradientDescent$.theta1Updated(GradientDescent.scala:14)
	at util.GradientDescentTest.$anonfun$new$6(GradientDescentTest.scala:35)
</failure>
                                               </testcase>
                     <system-out><![CDATA[]]></system-out>
                     <system-err><![CDATA[]]></system-err>
                   </testsuite>